TN:
SF:/home/janno/Projects/fbapp-rs/fbapp-client/test/unit/index.js
FNF:0
FNH:0
DA:3,1
DA:6,1
DA:7,1
DA:12,1
DA:13,1
LF:5
LH:5
BRF:0
BRH:0
end_of_record
TN:
SF:/home/janno/Projects/fbapp-rs/fbapp-client/test/unit/specs/Hello.spec.js
FN:4,(anonymous_0)
FN:5,(anonymous_1)
FNF:2
FNH:2
FNDA:1,(anonymous_0)
FNDA:1,(anonymous_1)
DA:4,1
DA:5,1
DA:6,1
DA:7,1
DA:8,1
LF:5
LH:5
BRF:0
BRH:0
end_of_record
TN:
SF:/home/janno/Projects/fbapp-rs/fbapp-client/src/components/HelloWorld.vue
FN:1,(anonymous_0)
FN:3,(anonymous_1)
FN:4,(anonymous_2)
FN:5,(anonymous_3)
FN:7,__
FN:11,(anonymous_5)
FN:19,(anonymous_6)
FN:21,HelloWorld
FN:26,(anonymous_8)
FNF:9
FNH:7
FNDA:1,(anonymous_0)
FNDA:0,(anonymous_1)
FNDA:0,(anonymous_2)
FNDA:1,(anonymous_3)
FNDA:1,__
FNDA:1,(anonymous_5)
FNDA:1,(anonymous_6)
FNDA:3,HelloWorld
FNDA:2,(anonymous_8)
DA:1,1
DA:2,1
DA:3,0
DA:4,0
DA:5,1
DA:6,1
DA:7,1
DA:8,1
DA:11,1
DA:12,1
DA:13,1
DA:14,0
DA:15,1
DA:19,1
DA:20,1
DA:22,3
DA:23,3
DA:24,3
DA:26,1
DA:27,2
DA:47,1
DA:50,1
LF:22
LH:19
BRDA:1,0,0,1
BRDA:1,0,1,0
BRDA:1,0,2,1
BRDA:2,1,0,1
BRDA:2,1,1,0
BRDA:2,1,2,0
BRDA:2,1,3,0
BRDA:4,2,0,0
BRDA:4,2,1,0
BRDA:8,3,0,0
BRDA:8,3,1,1
BRDA:11,4,0,1
BRDA:11,4,1,0
BRDA:11,4,2,1
BRDA:12,5,0,1
BRDA:12,5,1,0
BRDA:12,6,0,0
BRDA:12,6,1,0
BRDA:13,7,0,1
BRDA:13,7,1,0
BRDA:13,8,0,1
BRDA:13,8,1,1
BRDA:14,9,0,0
BRDA:14,9,1,0
BRDA:14,10,0,0
BRDA:14,10,1,0
BRDA:14,11,0,0
BRDA:14,11,1,0
BRDA:14,12,0,0
BRDA:14,12,1,0
BRDA:15,13,0,1
BRDA:15,13,1,0
BRDA:15,13,2,0
BRDA:22,14,0,3
BRDA:22,14,1,3
BRDA:22,14,2,3
BRF:36
BRH:14
end_of_record
TN:
SF:/home/janno/Projects/fbapp-rs/fbapp-client/src/App.vue
FN:1,(anonymous_0)
FN:3,(anonymous_1)
FN:4,(anonymous_2)
FN:5,(anonymous_3)
FN:7,__
FN:11,(anonymous_5)
FN:19,(anonymous_6)
FN:21,App
FN:24,(anonymous_8)
FNF:9
FNH:7
FNDA:1,(anonymous_0)
FNDA:0,(anonymous_1)
FNDA:0,(anonymous_2)
FNDA:1,(anonymous_3)
FNDA:1,__
FNDA:1,(anonymous_5)
FNDA:1,(anonymous_6)
FNDA:1,App
FNDA:1,(anonymous_8)
DA:1,1
DA:2,1
DA:3,0
DA:4,0
DA:5,1
DA:6,1
DA:7,1
DA:8,1
DA:11,1
DA:12,1
DA:13,1
DA:14,0
DA:15,1
DA:19,1
DA:20,1
DA:22,1
DA:24,1
DA:25,1
DA:62,1
DA:65,1
LF:20
LH:17
BRDA:1,0,0,1
BRDA:1,0,1,0
BRDA:1,0,2,1
BRDA:2,1,0,1
BRDA:2,1,1,0
BRDA:2,1,2,0
BRDA:2,1,3,0
BRDA:4,2,0,0
BRDA:4,2,1,0
BRDA:8,3,0,0
BRDA:8,3,1,1
BRDA:11,4,0,1
BRDA:11,4,1,0
BRDA:11,4,2,1
BRDA:12,5,0,1
BRDA:12,5,1,0
BRDA:12,6,0,0
BRDA:12,6,1,0
BRDA:13,7,0,1
BRDA:13,7,1,0
BRDA:13,8,0,1
BRDA:13,8,1,1
BRDA:14,9,0,0
BRDA:14,9,1,0
BRDA:14,10,0,0
BRDA:14,10,1,0
BRDA:14,11,0,0
BRDA:14,11,1,0
BRDA:14,12,0,0
BRDA:14,12,1,0
BRDA:15,13,0,1
BRDA:15,13,1,0
BRDA:15,13,2,0
BRDA:22,14,0,1
BRDA:22,14,1,1
BRDA:22,14,2,1
BRF:36
BRH:14
end_of_record
TN:
SF:/home/janno/Projects/fbapp-rs/fbapp-client/src/main.ts
FN:9,(anonymous_0)
FNF:1
FNH:1
FNDA:1,(anonymous_0)
DA:4,1
DA:7,1
DA:9,1
LF:3
LH:3
BRF:0
BRH:0
end_of_record
TN:
SF:/home/janno/Projects/fbapp-rs/fbapp-client/src/router/index.ts
FNF:0
FNH:0
DA:4,1
LF:1
LH:1
BRF:0
BRH:0
end_of_record
